<?xml version="1.0" encoding="UTF-8"?>
<!-- Generated by org.testng.reporters.JUnitXMLReporter -->
<testsuite ignored="0" hostname="DESKTOP-M471DVV" failures="0" tests="3" name="ChromeTest" time="31.702" errors="0" timestamp="2025-03-25T18:00:39 IST">
  <testcase classname="day_45.ParamTest" name="testLogo" time="0.534"/>
  <testcase classname="day_45.ParamTest" name="testUrl" time="0.4"/>
  <testcase classname="day_45.ParamTest" name="testTitle" time="0.488"/>
</testsuite> <!-- ChromeTest -->
