<?xml version="1.0" encoding="UTF-8"?>
<!-- Generated by org.testng.reporters.JUnitXMLReporter -->
<testsuite ignored="0" hostname="DESKTOP-M471DVV" failures="0" tests="3" name="firefoxTest" time="38.755" errors="0" timestamp="2025-03-25T18:00:46 IST">
  <testcase classname="day_45.ParamTest" name="testLogo" time="0.091"/>
  <testcase classname="day_45.ParamTest" name="testUrl" time="0.02"/>
  <testcase classname="day_45.ParamTest" name="testTitle" time="0.012"/>
</testsuite> <!-- firefoxTest -->
