<?xml version="1.0" encoding="UTF-8"?>
<!-- Generated by org.testng.reporters.JUnitXMLReporter -->
<testsuite ignored="0" hostname="DESKTOP-M471DVV" failures="0" tests="4" name="Test" time="23.28" errors="0" timestamp="2025-03-20T17:11:27 IST">
  <testcase classname="day_42.OrangeHMRTest" name="openapp" time="19.259"/>
  <testcase classname="day_42.OrangeHMRTest" name="testlogo" time="1.484"/>
  <testcase classname="day_42.OrangeHMRTest" name="testlogin" time="0.88"/>
  <testcase classname="day_42.OrangeHMRTest" name="testlogout" time="1.145"/>
</testsuite> <!-- Test -->
