<?xml version="1.0" encoding="UTF-8"?>
<!-- Generated by org.testng.reporters.JUnitXMLReporter -->
<testsuite ignored="0" hostname="DESKTOP-M471DVV" failures="0" tests="3" name="Default test" time="11.533" errors="0" timestamp="2025-03-25T17:23:57 IST">
  <testcase classname="day_45.ParamTest" name="testLogo" time="1.127"/>
  <testcase classname="day_45.ParamTest" name="testUrl" time="0.028"/>
  <testcase classname="day_45.ParamTest" name="testTitle" time="0.031"/>
</testsuite> <!-- Default test -->
