<?xml version="1.0" encoding="UTF-8"?>
<!-- Generated by org.testng.reporters.JUnitXMLReporter -->
<testsuite ignored="0" hostname="DESKTOP-M471DVV" failures="0" tests="4" name="Default test" time="28.928" errors="0" timestamp="2025-03-20T17:01:36 IST">
  <testcase classname="day_42.OrangeHMRTest" name="openapp" time="19.42"/>
  <testcase classname="day_42.OrangeHMRTest" name="testlogo" time="3.171"/>
  <testcase classname="day_42.OrangeHMRTest" name="testlogin" time="4.406"/>
  <testcase classname="day_42.OrangeHMRTest" name="testlogout" time="1.116"/>
</testsuite> <!-- Default test -->
