<?xml version="1.0" encoding="UTF-8"?>
<!-- Generated by org.testng.reporters.JUnitXMLReporter -->
<testsuite ignored="6" hostname="DESKTOP-M471DVV" failures="0" tests="2" name="Testgrouping" time="0.264" errors="0" timestamp="2025-03-25T15:38:15 IST">
  <testcase classname="day_44.PaymentTest" name="PaymentByFaceBook" time="0.032"/>
  <testcase classname="day_44.PaymentTest" name="PaymentByTwitter" time="0.006"/>
  <testcase classname="day_44.LoginTest" name="loginByFaceBook" time="0.0">
    <ignored/>
  </testcase> <!-- loginByFaceBook -->
  <testcase classname="day_44.SignupTest" name="SignupByEmail" time="0.0">
    <ignored/>
  </testcase> <!-- SignupByEmail -->
  <testcase classname="day_44.LoginTest" name="loginByEmail" time="0.0">
    <ignored/>
  </testcase> <!-- loginByEmail -->
  <testcase classname="day_44.SignupTest" name="SignupByFaceBook" time="0.0">
    <ignored/>
  </testcase> <!-- SignupByFaceBook -->
  <testcase classname="day_44.SignupTest" name="SignupByTwitter" time="0.0">
    <ignored/>
  </testcase> <!-- SignupByTwitter -->
  <testcase classname="day_44.LoginTest" name="loginByTwitter" time="0.0">
    <ignored/>
  </testcase> <!-- loginByTwitter -->
</testsuite> <!-- Testgrouping -->
