<?xml version="1.0" encoding="UTF-8"?>
<testng-results ignored="0" total="1" passed="1" failed="0" skipped="0">
  <reporter-output>
  </reporter-output>
  <suite started-at="2025-03-26T21:21:23 IST" name="Suite" finished-at="2025-03-26T21:21:39 IST" duration-ms="16241">
    <groups>
    </groups>
    <test started-at="2025-03-26T21:21:23 IST" name="Test" finished-at="2025-03-26T21:21:39 IST" duration-ms="16241">
      <class name="day_47.LoginTest">
        <test-method is-config="true" signature="setup()[pri:0, instance:day_47.LoginTest@58ea606c]" started-at="2025-03-26T21:21:23 IST" name="setup" finished-at="2025-03-26T21:21:34 IST" duration-ms="11433" status="PASS">
          <reporter-output>
          </reporter-output>
        </test-method> <!-- setup -->
        <test-method signature="testLogin()[pri:0, instance:day_47.LoginTest@58ea606c]" started-at="2025-03-26T21:21:34 IST" name="testLogin" finished-at="2025-03-26T21:21:37 IST" duration-ms="3403" status="PASS">
          <reporter-output>
          </reporter-output>
        </test-method> <!-- testLogin -->
        <test-method is-config="true" signature="tearDown()[pri:0, instance:day_47.LoginTest@58ea606c]" started-at="2025-03-26T21:21:37 IST" name="tearDown" finished-at="2025-03-26T21:21:39 IST" duration-ms="1285" status="PASS">
          <reporter-output>
          </reporter-output>
        </test-method> <!-- tearDown -->
      </class> <!-- day_47.LoginTest -->
    </test> <!-- Test -->
  </suite> <!-- Suite -->
</testng-results>
